iMPACT Version: Nov 16 2009 17:33:00

iMPACT log file Started on Tue Sep 07 10:07:16 2010

Preference Table
Name                 Setting             
StartupClock         Auto_Correction     
AutoSignature        False               
KeepSVF              False               
ConcurrentMode       False               
UseHighz             False               
ConfigOnFailure      Stop                
UserLevel            Novice              
MessageLevel         Detailed            
svfUseTime           false               
SpiByteSwap          Auto_Correction     
AutoDetecting cable. Please wait.
Connecting to cable (Usb Port - USB21).
Checking cable driver.
 Driver file xusb_emb.sys found.
 Driver version: src=1029, dest=1029.
 Driver windrvr6.sys version = 8.1.1.0. WinDriver v8.11 Jungo (c) 1997 - 2006 Build Date: Oct 16 2006 X86 32bit SYS12:35:07, version = 811.
 Cable PID = 0008.
 Max current requested during enumeration is 300 mA.
Type = 0x0005.
 Cable Type = 3, Revision = 0.
 Setting cable speed to 6 MHz.
Cable connection established.
Firmware version = 2401.
File version of C:/Xilinx/11.2/ISE/data/xusb_xp2.hex = 2401.
Firmware hex file version = 2401.
PLD file version = 200Dh.
 PLD version = 200Dh.
Identifying chain contents...'0': : Manufacturer's ID = Xilinx xc6slx150t, Version : 0
INFO:iMPACT:1777 - 
   Reading C:/Xilinx/11.2/ISE/spartan6/data/xc6slx150t.bsd...
INFO:iMPACT:501 - '1': Added Device xc6slx150t successfully.
----------------------------------------------------------------------
----------------------------------------------------------------------
'1': : Manufacturer's ID = Xilinx xcf32p, Version : 15
INFO:iMPACT:1777 - 
   Reading C:/Xilinx/11.2/ISE/xcfp/data/xcf32p.bsd...
INFO:iMPACT:501 - '1': Added Device xcf32p successfully.
----------------------------------------------------------------------
----------------------------------------------------------------------
'2': : Manufacturer's ID = Xilinx xcf08p, Version : 14
INFO:iMPACT:1777 - 
   Reading C:/Xilinx/11.2/ISE/xcfp/data/xcf08p.bsd...
INFO:iMPACT:501 - '1': Added Device xcf08p successfully.
----------------------------------------------------------------------
----------------------------------------------------------------------
done.
Elapsed time =      0 sec.
Elapsed time =      0 sec.
'3': Loading file 'fmc_dvidp_dvi_passthrough_demo.bit' ...
done.
INFO:iMPACT:2257 - Startup Clock has been changed to 'JtagClk' in the bitstream   stored in memory,
   but the original bitstream file remains unchanged.
UserID read from the bitstream file = 0xFFFFFFFF.
Data width read from the bitstream file = 1.
----------------------------------------------------------------------
INFO:iMPACT:501 - '3': Added Device xc6slx150t successfully.
----------------------------------------------------------------------
----------------------------------------------------------------------
Maximum TCK operating frequency for this device chain: 15000000.
Validating chain...
Boundary-scan chain validated successfully.
'3': Programming device...
done.
'3': Reading status register contents...
[0] CRC ERROR                                     :         0
[1] IDCODE ERROR                                  :         0
[2] DCM LOCK STATUS                               :         1
[3] GTS_CFG_B STATUS                              :         1
[4] GWE STATUS                                    :         1
[5] GHIGH STATUS                                  :         1
[6] DECRYPTION ERROR                              :         0
[7] DECRYPTOR ENABLE                              :         0
[8] HSWAPEN PIN                                   :         1
[9] MODE PIN M[0]                                 :         1
[10] MODE PIN M[1]                                :         1
[11] RESERVED                                     :         0
[12] INIT_B PIN                                   :         1
[13] DONE PIN                                     :         1
[14] SUSPEND STATUS                               :         0
[15] FALLBACK STATUS                              :         0
INFO:iMPACT:2219 - Status register values:
INFO:iMPACT - 0011 1100 1110 1100 
INFO:iMPACT:579 - '3': Completed downloading bit file to device.
INFO:iMPACT - '3': Programing completed successfully.
Elapsed time =     12 sec.
----------------------------------------------------------------------
----------------------------------------------------------------------
----------------------------------------------------------------------
----------------------------------------------------------------------
