iMPACT Version: 14.7

iMPACT log file Started on Fri Jun  7 15:02:57 2019

Welcome to iMPACT
iMPACT Version: 14.7
// *** BATCH CMD : setMode -bs
// *** BATCH CMD : setMode -ss
// *** BATCH CMD : setMode -sm
// *** BATCH CMD : setMode -hw140
// *** BATCH CMD : setMode -spi
// *** BATCH CMD : setMode -acecf
// *** BATCH CMD : setMode -acempm
// *** BATCH CMD : setMode -pff
// *** BATCH CMD : loadProjectFile -file"/home/eansalab/Documents/Carlitos/RGBtoHSV_FPGA_core/ise_proj/fmc_dvidp_dvi_passthrough_demo_s6ivk.ipf"
INFO:iMPACT - Failed to open file: -- File ? --, replace with 'bypass'.
INFO:iMPACT:1777 - 
   Reading /opt/Xilinx/14.7/ISE_DS/ISE/xcfp/data/xcf08p.bsd...
INFO:iMPACT:501 - '1': Added Device xcf08p successfully.
----------------------------------------------------------------------
INFO:iMPACT:1835 - Loading CFI file -- File ? --.cfi
Revision information not found, proceed with device default setting.
INFO:iMPACT - Failed to open file: -- File ? --, replace with 'bypass'.
INFO:iMPACT:1777 - 
   Reading /opt/Xilinx/14.7/ISE_DS/ISE/xcfp/data/xcf32p.bsd...
INFO:iMPACT:501 - '2': Added Device xcf32p successfully.
----------------------------------------------------------------------
INFO:iMPACT:1835 - Loading CFI file -- File ? --.cfi
Revision information not found, proceed with device default setting.
'3': Loading file'/home/eansalab/Documents/Carlitos/RGBtoHSV_FPGA_core/ise_proj/fmc_dvidp_dvi_passthrough_demo.bit' ...
done.
INFO:iMPACT:1777 - 
   Reading /opt/Xilinx/14.7/ISE_DS/ISE/spartan6/data/xc6slx150t.bsd...
INFO:iMPACT:2257 - Startup Clock has been changed to 'JtagClk' in the bitstream   stored in memory,
   but the original bitstream file remains unchanged.
UserID read from the bitstream file = 0xFFFFFFFF.
Data width read from the bitstream file = 1.
INFO:iMPACT:501 - '3': Added Device xc6slx150t successfully.
----------------------------------------------------------------------
Active mode is BS
// *** BATCH CMD : setMode -ss
// *** BATCH CMD : setMode -sm
// *** BATCH CMD : setMode -hw140
// *** BATCH CMD : setMode -spi
// *** BATCH CMD : setMode -acecf
// *** BATCH CMD : setMode -acempm
// *** BATCH CMD : setMode -pff
// *** BATCH CMD : setMode -bs
GUI --- Auto connect to cable...
// *** BATCH CMD : setCable -port auto
INFO:iMPACT - Digilent Plugin: Plugin Version: 2.4.4
INFO:iMPACT - Digilent Plugin: no JTAG device was found.
AutoDetecting cable. Please wait.
*** WARNING ***: When port is set to auto detect mode, cable speed is set todefault 6 MHz regardless of explicit arguments supplied for setting the baudrates
PROGRESS_START - Starting Operation.
If you are using the Platform Cable USB, please refer to the USB CableInstallation Guide (UG344) to install the libusb package.
 Using windrvr6 driver.
Connecting to cable (Usb Port - USB21).
Checking cable driver.
File version of /opt/Xilinx/14.7/ISE_DS/ISE/bin/lin64/xusbdfwu.hex = 1030.
File version of /etc/hotplug/usb/xusbdfwu.fw/xusbdfwu.hex = 1030.
 libusb-driver.so version: 2019-06-07 14:57:35.
 Cable PID = 0008.
 Max current requested during enumeration is 300 mA.
Type = 0x0005.
write (count, cmdBuffer, dataBuffer) failed FFFFFFFFFFFFFFE0.
 Cable Type = 3, Revision = 0.
 Setting cable speed to 6 MHz.
ERROR:Cse - A reference voltage has not been detected on the ribbon cable   interface to the target system ( pin 2 ).  Check that power is applied to the   target system and that the ribbon cable is properly seated at both ends.  The   status LED on Platform Cable USB will be GREEN if target voltage is in the   proper range and applied to the correct pin.
Cable connection failed.
Connecting to cable (Parallel Port - parport0).
 libusb-driver.so version: 2019-06-07 14:57:35.
 parport0: 
 parport1: 
 parport2: 
 parport3: 
 LPT1 Base Address set from env variable = 0.
 LPT base address = 0000h.
 LPT1 Ecp Address set from env variable = 400.
 ECP base address = 0400h.
LPT port is already in use. rc = FFFFFFFFh
Cable connection failed.
Connecting to cable (Parallel Port - parport1).
 libusb-driver.so version: 2019-06-07 14:57:35.
 LPT2 Base Address set from env variable = 10.
 LPT base address = 0010h.
 LPT2 Ecp Address set from env variable = 410.
 ECP base address = 0410h.
LPT port is already in use. rc = FFFFFFFFh
Cable connection failed.
Connecting to cable (Parallel Port - parport2).
 libusb-driver.so version: 2019-06-07 14:57:35.
 LPT3 Base Address set from env variable = 20.
 LPT base address = 0020h.
 LPT3 Ecp Address set from env variable = 420.
 ECP base address = 0420h.
LPT port is already in use. rc = FFFFFFFFh
Cable connection failed.
Connecting to cable (Parallel Port - parport3).
 libusb-driver.so version: 2019-06-07 14:57:35.
 LPT4 Base Address set from env variable = 30.
 LPT base address = 0030h.
 LPT4 Ecp Address set from env variable = 430.
 ECP base address = 0430h.
LPT port is already in use. rc = FFFFFFFFh
Cable connection failed.
PROGRESS_END - End Operation.
Elapsed time =      1 sec.
Cable autodetection failed.
WARNING:iMPACT:923 - Can not find cable, check cable setup !GUI --- Auto connect to cable...
// *** BATCH CMD : setCable -port auto
INFO:iMPACT - Digilent Plugin: Plugin Version: 2.4.4
INFO:iMPACT - Digilent Plugin: no JTAG device was found.
AutoDetecting cable. Please wait.
*** WARNING ***: When port is set to auto detect mode, cable speed is set todefault 6 MHz regardless of explicit arguments supplied for setting the baudrates
PROGRESS_START - Starting Operation.
If you are using the Platform Cable USB, please refer to the USB CableInstallation Guide (UG344) to install the libusb package.
 Using windrvr6 driver.
Connecting to cable (Usb Port - USB21).
Checking cable driver.
File version of /opt/Xilinx/14.7/ISE_DS/ISE/bin/lin64/xusbdfwu.hex = 1030.
File version of /etc/hotplug/usb/xusbdfwu.fw/xusbdfwu.hex = 1030.
 libusb-driver.so version: 2019-06-07 14:57:35.
 Cable PID = 0008.
 Max current requested during enumeration is 300 mA.
Type = 0x0005.
write (count, cmdBuffer, dataBuffer) failed FFFFFFFFFFFFFFE0.
 Cable Type = 3, Revision = 0.
 Setting cable speed to 6 MHz.
Cable connection established.
Firmware version = 2300.
File version of /opt/Xilinx/14.7/ISE_DS/ISE/data/xusb_xp2.hex = 2401.
Firmware hex file version = 2401.
Downloading /opt/Xilinx/14.7/ISE_DS/ISE/data/xusb_xp2.hex.
Downloaded firmware version = 2401.
PLD file version = 200Dh.
 PLD version = 200Dh.
PROGRESS_END - End Operation.
Elapsed time =      0 sec.
Type = 0x0005.
ESN option: 0000151038E701.
Attempting to identify devices in the boundary-scan chain configuration...
INFO:iMPACT - Current time: 07/06/19 15:03
// *** BATCH CMD : Identify -inferir 
PROGRESS_START - Starting Operation.
----------------------------------------------------------------------
Identifying chain contents...'0': : Manufacturer's ID = Xilinx xc6slx150t, Version : 3
INFO:iMPACT:1777 - 
   Reading /opt/Xilinx/14.7/ISE_DS/ISE/spartan6/data/xc6slx150t.bsd...
INFO:iMPACT:501 - '1': Added Device xc6slx150t successfully.
----------------------------------------------------------------------
'1': : Manufacturer's ID = Xilinx xcf32p, Version : 13
INFO:iMPACT:1777 - 
   Reading /opt/Xilinx/14.7/ISE_DS/ISE/xcfp/data/xcf32p.bsd...
INFO:iMPACT:501 - '1': Added Device xcf32p successfully.
----------------------------------------------------------------------
'2': : Manufacturer's ID = Xilinx xcf08p, Version : 14
INFO:iMPACT:1777 - 
   Reading /opt/Xilinx/14.7/ISE_DS/ISE/xcfp/data/xcf08p.bsd...
INFO:iMPACT:501 - '1': Added Device xcf08p successfully.
----------------------------------------------------------------------
done.
PROGRESS_END - End Operation.
Elapsed time =      0 sec.
// *** BATCH CMD : identifyMPM 
// *** BATCH CMD : deleteDevice -position 1
----------------------------------------------------------------------
// *** BATCH CMD : deleteDevice -position 1
----------------------------------------------------------------------
// *** BATCH CMD : deleteDevice -position 1
